\BOOKMARK [1][-]{section.1}{\376\377\0001\000\040\000F\000i\000l\000e\000\040\000I\000n\000d\000e\000x}{}% 1
\BOOKMARK [2][-]{subsection.1.1}{\376\377\0001\000.\0001\000\040\000F\000i\000l\000e\000\040\000L\000i\000s\000t}{section.1}% 2
\BOOKMARK [1][-]{section.2}{\376\377\0002\000\040\000F\000i\000l\000e\000\040\000D\000o\000c\000u\000m\000e\000n\000t\000a\000t\000i\000o\000n}{}% 3
\BOOKMARK [2][-]{subsection.2.1}{\376\377\0002\000.\0001\000\040\000i\000n\000c\000l\000u\000d\000e\000/\000a\000u\000t\000o\000n\000.\000h\000\040\000F\000i\000l\000e\000\040\000R\000e\000f\000e\000r\000e\000n\000c\000e}{section.2}% 4
\BOOKMARK [3][-]{subsubsection.2.1.1}{\376\377\0002\000.\0001\000.\0001\000\040\000E\000n\000u\000m\000e\000r\000a\000t\000i\000o\000n\000\040\000T\000y\000p\000e\000\040\000D\000o\000c\000u\000m\000e\000n\000t\000a\000t\000i\000o\000n}{subsection.2.1}% 5
\BOOKMARK [3][-]{subsubsection.2.1.2}{\376\377\0002\000.\0001\000.\0002\000\040\000F\000u\000n\000c\000t\000i\000o\000n\000\040\000D\000o\000c\000u\000m\000e\000n\000t\000a\000t\000i\000o\000n}{subsection.2.1}% 6
\BOOKMARK [2][-]{subsection.2.2}{\376\377\0002\000.\0002\000\040\000a\000u\000t\000o\000n\000.\000h}{section.2}% 7
\BOOKMARK [2][-]{subsection.2.3}{\376\377\0002\000.\0003\000\040\000i\000n\000c\000l\000u\000d\000e\000/\000c\000o\000n\000t\000r\000o\000l\000l\000e\000r\000.\000h\000\040\000F\000i\000l\000e\000\040\000R\000e\000f\000e\000r\000e\000n\000c\000e}{section.2}% 8
\BOOKMARK [3][-]{subsubsection.2.3.1}{\376\377\0002\000.\0003\000.\0001\000\040\000F\000u\000n\000c\000t\000i\000o\000n\000\040\000D\000o\000c\000u\000m\000e\000n\000t\000a\000t\000i\000o\000n}{subsection.2.3}% 9
\BOOKMARK [2][-]{subsection.2.4}{\376\377\0002\000.\0004\000\040\000c\000o\000n\000t\000r\000o\000l\000l\000e\000r\000.\000h}{section.2}% 10
\BOOKMARK [2][-]{subsection.2.5}{\376\377\0002\000.\0005\000\040\000i\000n\000c\000l\000u\000d\000e\000/\000d\000e\000c\000l\000a\000r\000a\000t\000i\000o\000n\000s\000.\000h\000\040\000F\000i\000l\000e\000\040\000R\000e\000f\000e\000r\000e\000n\000c\000e}{section.2}% 11
\BOOKMARK [3][-]{subsubsection.2.5.1}{\376\377\0002\000.\0005\000.\0001\000\040\000V\000a\000r\000i\000a\000b\000l\000e\000\040\000D\000o\000c\000u\000m\000e\000n\000t\000a\000t\000i\000o\000n}{subsection.2.5}% 12
\BOOKMARK [2][-]{subsection.2.6}{\376\377\0002\000.\0006\000\040\000d\000e\000c\000l\000a\000r\000a\000t\000i\000o\000n\000s\000.\000h}{section.2}% 13
\BOOKMARK [2][-]{subsection.2.7}{\376\377\0002\000.\0007\000\040\000i\000n\000c\000l\000u\000d\000e\000/\000d\000r\000i\000v\000e\000.\000h\000\040\000F\000i\000l\000e\000\040\000R\000e\000f\000e\000r\000e\000n\000c\000e}{section.2}% 14
\BOOKMARK [3][-]{subsubsection.2.7.1}{\376\377\0002\000.\0007\000.\0001\000\040\000E\000n\000u\000m\000e\000r\000a\000t\000i\000o\000n\000\040\000T\000y\000p\000e\000\040\000D\000o\000c\000u\000m\000e\000n\000t\000a\000t\000i\000o\000n}{subsection.2.7}% 15
\BOOKMARK [3][-]{subsubsection.2.7.2}{\376\377\0002\000.\0007\000.\0002\000\040\000F\000u\000n\000c\000t\000i\000o\000n\000\040\000D\000o\000c\000u\000m\000e\000n\000t\000a\000t\000i\000o\000n}{subsection.2.7}% 16
\BOOKMARK [2][-]{subsection.2.8}{\376\377\0002\000.\0008\000\040\000d\000r\000i\000v\000e\000.\000h}{section.2}% 17
\BOOKMARK [2][-]{subsection.2.9}{\376\377\0002\000.\0009\000\040\000i\000n\000c\000l\000u\000d\000e\000/\000i\000n\000i\000t\000.\000h\000\040\000F\000i\000l\000e\000\040\000R\000e\000f\000e\000r\000e\000n\000c\000e}{section.2}% 18
\BOOKMARK [2][-]{subsection.2.10}{\376\377\0002\000.\0001\0000\000\040\000i\000n\000i\000t\000.\000h}{section.2}% 19
\BOOKMARK [2][-]{subsection.2.11}{\376\377\0002\000.\0001\0001\000\040\000i\000n\000c\000l\000u\000d\000e\000/\000v\000e\000x\000.\000h\000\040\000F\000i\000l\000e\000\040\000R\000e\000f\000e\000r\000e\000n\000c\000e}{section.2}% 20
\BOOKMARK [2][-]{subsection.2.12}{\376\377\0002\000.\0001\0002\000\040\000v\000e\000x\000.\000h}{section.2}% 21
\BOOKMARK [2][-]{subsection.2.13}{\376\377\0002\000.\0001\0003\000\040\000s\000r\000c\000/\000a\000u\000t\000o\000n\000.\000c\000p\000p\000\040\000F\000i\000l\000e\000\040\000R\000e\000f\000e\000r\000e\000n\000c\000e}{section.2}% 22
\BOOKMARK [3][-]{subsubsection.2.13.1}{\376\377\0002\000.\0001\0003\000.\0001\000\040\000F\000u\000n\000c\000t\000i\000o\000n\000\040\000D\000o\000c\000u\000m\000e\000n\000t\000a\000t\000i\000o\000n}{subsection.2.13}% 23
\BOOKMARK [2][-]{subsection.2.14}{\376\377\0002\000.\0001\0004\000\040\000a\000u\000t\000o\000n\000.\000c\000p\000p}{section.2}% 24
\BOOKMARK [2][-]{subsection.2.15}{\376\377\0002\000.\0001\0005\000\040\000s\000r\000c\000/\000c\000o\000n\000t\000r\000o\000l\000l\000e\000r\000.\000c\000p\000p\000\040\000F\000i\000l\000e\000\040\000R\000e\000f\000e\000r\000e\000n\000c\000e}{section.2}% 25
\BOOKMARK [3][-]{subsubsection.2.15.1}{\376\377\0002\000.\0001\0005\000.\0001\000\040\000F\000u\000n\000c\000t\000i\000o\000n\000\040\000D\000o\000c\000u\000m\000e\000n\000t\000a\000t\000i\000o\000n}{subsection.2.15}% 26
\BOOKMARK [2][-]{subsection.2.16}{\376\377\0002\000.\0001\0006\000\040\000c\000o\000n\000t\000r\000o\000l\000l\000e\000r\000.\000c\000p\000p}{section.2}% 27
\BOOKMARK [2][-]{subsection.2.17}{\376\377\0002\000.\0001\0007\000\040\000s\000r\000c\000/\000d\000r\000i\000v\000e\000.\000c\000p\000p\000\040\000F\000i\000l\000e\000\040\000R\000e\000f\000e\000r\000e\000n\000c\000e}{section.2}% 28
\BOOKMARK [3][-]{subsubsection.2.17.1}{\376\377\0002\000.\0001\0007\000.\0001\000\040\000F\000u\000n\000c\000t\000i\000o\000n\000\040\000D\000o\000c\000u\000m\000e\000n\000t\000a\000t\000i\000o\000n}{subsection.2.17}% 29
\BOOKMARK [3][-]{subsubsection.2.17.2}{\376\377\0002\000.\0001\0007\000.\0002\000\040\000V\000a\000r\000i\000a\000b\000l\000e\000\040\000D\000o\000c\000u\000m\000e\000n\000t\000a\000t\000i\000o\000n}{subsection.2.17}% 30
\BOOKMARK [2][-]{subsection.2.18}{\376\377\0002\000.\0001\0008\000\040\000d\000r\000i\000v\000e\000.\000c\000p\000p}{section.2}% 31
\BOOKMARK [2][-]{subsection.2.19}{\376\377\0002\000.\0001\0009\000\040\000s\000r\000c\000/\000i\000n\000i\000t\000.\000c\000p\000p\000\040\000F\000i\000l\000e\000\040\000R\000e\000f\000e\000r\000e\000n\000c\000e}{section.2}% 32
\BOOKMARK [2][-]{subsection.2.20}{\376\377\0002\000.\0002\0000\000\040\000i\000n\000i\000t\000.\000c\000p\000p}{section.2}% 33
\BOOKMARK [2][-]{subsection.2.21}{\376\377\0002\000.\0002\0001\000\040\000s\000r\000c\000/\000m\000a\000i\000n\000.\000c\000p\000p\000\040\000F\000i\000l\000e\000\040\000R\000e\000f\000e\000r\000e\000n\000c\000e}{section.2}% 34
\BOOKMARK [3][-]{subsubsection.2.21.1}{\376\377\0002\000.\0002\0001\000.\0001\000\040\000F\000u\000n\000c\000t\000i\000o\000n\000\040\000D\000o\000c\000u\000m\000e\000n\000t\000a\000t\000i\000o\000n}{subsection.2.21}% 35
\BOOKMARK [3][-]{subsubsection.2.21.2}{\376\377\0002\000.\0002\0001\000.\0002\000\040\000V\000a\000r\000i\000a\000b\000l\000e\000\040\000D\000o\000c\000u\000m\000e\000n\000t\000a\000t\000i\000o\000n}{subsection.2.21}% 36
\BOOKMARK [2][-]{subsection.2.22}{\376\377\0002\000.\0002\0002\000\040\000m\000a\000i\000n\000.\000c\000p\000p}{section.2}% 37
